
> react-typescript-starter@0.1.0 test
> react-scripts test --coverage

Browserslist: caniuse-lite is outdated. Please run:
  npx browserslist@latest --update-db
  Why you should do it regularly: https://github.com/browserslist/browserslist#browsers-data-updating
PASS src/Tests/InventoryTesting.test.tsx (5.641 s)
PASS src/Tests/CheckoutTesting.test.tsx
PASS src/Tests/CartTesting.test.tsx
PASS src/Tests/SignupTesting.test.tsx
--------------------------|---------|----------|---------|---------|-------------------
File                      | % Stmts | % Branch | % Funcs | % Lines | Uncovered Line #s 
--------------------------|---------|----------|---------|---------|-------------------
All files                 |   30.46 |     12.9 |   23.52 |   30.93 |                   
 src                      |      48 |       25 |      40 |      48 |                   
  App.tsx                 |       0 |        0 |       0 |       0 | 25-40             
  ModalView.tsx           |     100 |      100 |     100 |     100 |                   
  Products.tsx            |   66.66 |       50 |   42.85 |   66.66 | 52-93             
  firebase.ts             |       0 |      100 |     100 |       0 | 4-13              
  images.tsx              |     100 |      100 |     100 |     100 |                   
 src/components           |   49.18 |    18.42 |   36.84 |   47.36 |                   
  AdjustStock.tsx         |       0 |        0 |       0 |       0 | 6-27              
  Cart.tsx                |   94.44 |     62.5 |      90 |     100 | 28-49,70          
  DisplayProductType.tsx  |       0 |      100 |       0 |       0 | 8-14              
  DisplayProducts.tsx     |     100 |      100 |     100 |     100 |                   
  EditStock.tsx           |       0 |      100 |       0 |       0 | 7-21              
  Navigation.tsx          |       0 |        0 |       0 |       0 | 8-97              
  cartItem.tsx            |   68.75 |    33.33 |      60 |   66.66 | 23,55-56,78-79    
 src/context              |    4.65 |        0 |    4.34 |    5.55 |                   
  shoppingCartContext.tsx |    4.65 |        0 |    4.34 |    5.55 | 35-113            
 src/extras               |     100 |      100 |     100 |     100 |                   
  formatMoney.ts          |     100 |      100 |     100 |     100 |                   
 src/hooks                |       0 |        0 |       0 |       0 |                   
  useLocalStorage.ts      |       0 |        0 |       0 |       0 | 4-18              
 src/interfaces           |       0 |        0 |       0 |       0 |                   
  accounts.ts             |       0 |        0 |       0 |       0 |                   
  orders.ts               |       0 |        0 |       0 |       0 |                   
 src/pages                |       0 |      100 |       0 |       0 |                   
  AdminPage.tsx           |       0 |      100 |       0 |       0 | 6                 
  CasesPage.tsx           |       0 |      100 |       0 |       0 | 5                 
  GraphicsCardPage.tsx    |       0 |      100 |       0 |       0 | 5                 
  Home.tsx                |       0 |      100 |       0 |       0 | 5                 
  MBoardPage.tsx          |       0 |      100 |       0 |       0 | 5                 
  ProcessorPage.tsx       |       0 |      100 |       0 |       0 | 5                 
  RamPage.tsx             |       0 |      100 |       0 |       0 | 5                 
  SignInPage.tsx          |       0 |      100 |       0 |       0 | 7                 
  SignupPage.tsx          |       0 |      100 |       0 |       0 | 6                 
  StoragePage.tsx         |       0 |      100 |       0 |       0 | 5                 
--------------------------|---------|----------|---------|---------|-------------------

Test Suites: 4 passed, 4 total
Tests:       14 passed, 14 total
Snapshots:   0 total
Time:        10.919 s
Ran all test suites.
