
> react-typescript-starter@0.1.0 test
> react-scripts test --coverage

Browserslist: caniuse-lite is outdated. Please run:
  npx browserslist@latest --update-db
  Why you should do it regularly: https://github.com/browserslist/browserslist#browsers-data-updating
PASS src/Tests/InventoryTesting.test.tsx (5.244 s)
PASS src/Tests/CheckoutTesting.test.tsx
PASS src/Tests/CartTesting.test.tsx
PASS src/Tests/AdminTesting.test.tsx
PASS src/Tests/SignupTesting.test.tsx
--------------------------|---------|----------|---------|---------|-------------------
File                      | % Stmts | % Branch | % Funcs | % Lines | Uncovered Line #s 
--------------------------|---------|----------|---------|---------|-------------------
All files                 |   37.34 |    18.75 |   30.68 |   38.35 |                   
 src                      |   46.87 |    16.66 |   30.76 |   46.87 |                   
  App.tsx                 |       0 |        0 |       0 |       0 | 25-40             
  ModalView.tsx           |      50 |        0 |      25 |      50 | 47-61             
  Products.tsx            |    64.7 |       50 |   42.85 |    64.7 | 54-98             
  firebase.ts             |       0 |      100 |     100 |       0 | 4-13              
  images.tsx              |     100 |      100 |     100 |     100 |                   
 src/components           |   65.57 |    28.94 |   55.26 |   64.91 |                   
  AdjustStock.tsx         |     100 |      100 |     100 |     100 |                   
  Cart.tsx                |   94.44 |     62.5 |      90 |     100 | 28-49,70          
  DisplayProductType.tsx  |       0 |      100 |       0 |       0 | 8-14              
  DisplayProducts.tsx     |     100 |      100 |     100 |     100 |                   
  EditStock.tsx           |     100 |      100 |     100 |     100 |                   
  Navigation.tsx          |       0 |        0 |       0 |       0 | 8-97              
  cartItem.tsx            |   68.75 |    33.33 |      60 |   66.66 | 23,55-56,77-78    
 src/context              |    4.65 |        0 |    4.34 |    5.55 |                   
  shoppingCartContext.tsx |    4.65 |        0 |    4.34 |    5.55 | 35-113            
 src/extras               |     100 |      100 |     100 |     100 |                   
  formatMoney.ts          |     100 |      100 |     100 |     100 |                   
 src/hooks                |       0 |        0 |       0 |       0 |                   
  useLocalStorage.ts      |       0 |        0 |       0 |       0 | 4-18              
 src/interfaces           |       0 |        0 |       0 |       0 |                   
  accounts.ts             |       0 |        0 |       0 |       0 |                   
  orders.ts               |       0 |        0 |       0 |       0 |                   
 src/pages                |       0 |      100 |       0 |       0 |                   
  AdminPage.tsx           |       0 |      100 |       0 |       0 | 6                 
  CasesPage.tsx           |       0 |      100 |       0 |       0 | 5                 
  GraphicsCardPage.tsx    |       0 |      100 |       0 |       0 | 5                 
  Home.tsx                |       0 |      100 |       0 |       0 | 5                 
  MBoardPage.tsx          |       0 |      100 |       0 |       0 | 5                 
  ProcessorPage.tsx       |       0 |      100 |       0 |       0 | 5                 
  RamPage.tsx             |       0 |      100 |       0 |       0 | 5                 
  SignInPage.tsx          |       0 |      100 |       0 |       0 | 7                 
  SignupPage.tsx          |       0 |      100 |       0 |       0 | 6                 
  StoragePage.tsx         |       0 |      100 |       0 |       0 | 5                 
--------------------------|---------|----------|---------|---------|-------------------

Test Suites: 5 passed, 5 total
Tests:       17 passed, 17 total
Snapshots:   0 total
Time:        11.952 s
Ran all test suites.
